Determining if the system is big endian passed with the following output:
Change Dir: C:/GIT/opencv/build/x86/vc12/CMakeFiles/CMakeTmp

Run Build Command:"C:/Program Files (x86)/MSBuild/12.0/bin/MSBuild.exe" "cmTC_690fb.vcxproj" "/p:Configuration=Debug" "/p:VisualStudioVersion=12.0"
Microsoft (R) Build Engine version 12.0.31101.0
[Microsoft .NET Framework, version 4.0.30319.18444]
Copyright (C) Microsoft Corporation. All rights reserved.

Build started 18-Nov-15 12:57:03.
Project "C:\GIT\opencv\build\x86\vc12\CMakeFiles\CMakeTmp\cmTC_690fb.vcxproj" on node 1 (default targets).
PrepareForBuild:
  Creating directory "cmTC_690fb.dir\Debug\".
  Creating directory "C:\GIT\opencv\build\x86\vc12\CMakeFiles\CMakeTmp\Debug\".
  Creating directory "cmTC_690fb.dir\Debug\cmTC_690fb.tlog\".
InitializeBuildStatus:
  Creating "cmTC_690fb.dir\Debug\cmTC_690fb.tlog\unsuccessfulbuild" because "AlwaysCreate" was specified.
ClCompile:
  C:\Program Files (x86)\Microsoft Visual Studio 12.0\VC\bin\CL.exe /c /Zi /W3 /WX- /MP8 /Od /Ob0 /Oi /Oy- /D WIN32 /D _WINDOWS /D _CRT_SECURE_NO_DEPRECATE /D _CRT_NONSTDC_NO_DEPRECATE /D _SCL_SECURE_NO_WARNINGS /D _DEBUG /D "CMAKE_INTDIR=\"Debug\"" /D _MBCS /Gm- /RTC1 /MDd /GS /Gy /arch:SSE2 /fp:fast /Zc:wchar_t /Zc:forScope /Fo"cmTC_690fb.dir\Debug\\" /Fd"cmTC_690fb.dir\Debug\vc120.pdb" /Gd /TC /analyze- /errorReport:queue  /bigobj C:\GIT\opencv\build\x86\vc12\CMakeFiles\CMakeTmp\TestEndianess.c
  Microsoft (R) C/C++ Optimizing Compiler Version 18.00.31101 for x86
  Copyright (C) Microsoft Corporation.  All rights reserved.
  
  cl /c /Zi /W3 /WX- /MP8 /Od /Ob0 /Oi /Oy- /D WIN32 /D _WINDOWS /D _CRT_SECURE_NO_DEPRECATE /D _CRT_NONSTDC_NO_DEPRECATE /D _SCL_SECURE_NO_WARNINGS /D _DEBUG /D "CMAKE_INTDIR=\"Debug\"" /D _MBCS /Gm- /RTC1 /MDd /GS /Gy /arch:SSE2 /fp:fast /Zc:wchar_t /Zc:forScope /Fo"cmTC_690fb.dir\Debug\\" /Fd"cmTC_690fb.dir\Debug\vc120.pdb" /Gd /TC /analyze- /errorReport:queue  /bigobj C:\GIT\opencv\build\x86\vc12\CMakeFiles\CMakeTmp\TestEndianess.c
  
  TestEndianess.c
Link:
  C:\Program Files (x86)\Microsoft Visual Studio 12.0\VC\bin\link.exe /ERRORREPORT:QUEUE /OUT:"C:\GIT\opencv\build\x86\vc12\CMakeFiles\CMakeTmp\Debug\cmTC_690fb.exe" /INCREMENTAL /NOLOGO kernel32.lib user32.lib gdi32.lib winspool.lib shell32.lib ole32.lib oleaut32.lib uuid.lib comdlg32.lib advapi32.lib /MANIFEST /MANIFESTUAC:"level='asInvoker' uiAccess='false'" /manifest:embed /DEBUG /PDB:"C:/GIT/opencv/build/x86/vc12/CMakeFiles/CMakeTmp/Debug/cmTC_690fb.pdb" /SUBSYSTEM:CONSOLE /TLBID:1 /DYNAMICBASE /NXCOMPAT /IMPLIB:"C:/GIT/opencv/build/x86/vc12/CMakeFiles/CMakeTmp/Debug/cmTC_690fb.lib" /MACHINE:X86 /SAFESEH  /machine:X86 /debug cmTC_690fb.dir\Debug\TestEndianess.obj
  cmTC_690fb.vcxproj -> C:\GIT\opencv\build\x86\vc12\CMakeFiles\CMakeTmp\Debug\cmTC_690fb.exe
FinalizeBuildStatus:
  Deleting file "cmTC_690fb.dir\Debug\cmTC_690fb.tlog\unsuccessfulbuild".
  Touching "cmTC_690fb.dir\Debug\cmTC_690fb.tlog\cmTC_690fb.lastbuildstate".
Done Building Project "C:\GIT\opencv\build\x86\vc12\CMakeFiles\CMakeTmp\cmTC_690fb.vcxproj" (default targets).

Build succeeded.
    0 Warning(s)
    0 Error(s)

Time Elapsed 00:00:00.50

TestEndianess.c:
/* A 16 bit integer is required. */
typedef unsigned short cmakeint16;

/* On a little endian machine, these 16bit ints will give "THIS IS LITTLE ENDIAN."
   On a big endian machine the characters will be exchanged pairwise. */
const cmakeint16 info_little[] =  {0x4854, 0x5349, 0x4920, 0x2053, 0x494c, 0x5454, 0x454c, 0x4520, 0x444e, 0x4149, 0x2e4e, 0x0000};

/* on a big endian machine, these 16bit ints will give "THIS IS BIG ENDIAN."
   On a little endian machine the characters will be exchanged pairwise. */
const cmakeint16 info_big[] =     {0x5448, 0x4953, 0x2049, 0x5320, 0x4249, 0x4720, 0x454e, 0x4449, 0x414e, 0x2e2e, 0x0000};

#ifdef __CLASSIC_C__
int main(argc, argv) int argc; char *argv[];
#else
int main(int argc, char *argv[])
#endif
{
  int require = 0;
  require += info_little[argc];
  require += info_big[argc];
  (void)argv;
  return require;
}


Determining if the function fseeko exists failed with the following output:
Change Dir: C:/GIT/opencv/build/x86/vc12/CMakeFiles/CMakeTmp

Run Build Command:"C:/Program Files (x86)/MSBuild/12.0/bin/MSBuild.exe" "cmTC_c3c28.vcxproj" "/p:Configuration=Debug" "/p:VisualStudioVersion=12.0"
Microsoft (R) Build Engine version 12.0.31101.0
[Microsoft .NET Framework, version 4.0.30319.18444]
Copyright (C) Microsoft Corporation. All rights reserved.

Build started 18-Nov-15 12:57:04.
Project "C:\GIT\opencv\build\x86\vc12\CMakeFiles\CMakeTmp\cmTC_c3c28.vcxproj" on node 1 (default targets).
PrepareForBuild:
  Creating directory "cmTC_c3c28.dir\Debug\".
  Creating directory "C:\GIT\opencv\build\x86\vc12\CMakeFiles\CMakeTmp\Debug\".
  Creating directory "cmTC_c3c28.dir\Debug\cmTC_c3c28.tlog\".
InitializeBuildStatus:
  Creating "cmTC_c3c28.dir\Debug\cmTC_c3c28.tlog\unsuccessfulbuild" because "AlwaysCreate" was specified.
ClCompile:
  C:\Program Files (x86)\Microsoft Visual Studio 12.0\VC\bin\CL.exe /c /Zi /W3 /WX- /MP8 /Od /Ob0 /Oi /Oy- /D WIN32 /D _WINDOWS /D _CRT_SECURE_NO_DEPRECATE /D _CRT_NONSTDC_NO_DEPRECATE /D _SCL_SECURE_NO_WARNINGS /D CHECK_FUNCTION_EXISTS=fseeko /D _DEBUG /D "CMAKE_INTDIR=\"Debug\"" /D _MBCS /Gm- /RTC1 /MDd /GS /Gy /arch:SSE2 /fp:fast /Zc:wchar_t /Zc:forScope /Fo"cmTC_c3c28.dir\Debug\\" /Fd"cmTC_c3c28.dir\Debug\vc120.pdb" /Gd /TC /analyze- /errorReport:queue  /bigobj "C:\Program Files (x86)\CMake\share\cmake-3.3\Modules\CheckFunctionExists.c"
  Microsoft (R) C/C++ Optimizing Compiler Version 18.00.31101 for x86
  Copyright (C) Microsoft Corporation.  All rights reserved.
  
  cl /c /Zi /W3 /WX- /MP8 /Od /Ob0 /Oi /Oy- /D WIN32 /D _WINDOWS /D _CRT_SECURE_NO_DEPRECATE /D _CRT_NONSTDC_NO_DEPRECATE /D _SCL_SECURE_NO_WARNINGS /D CHECK_FUNCTION_EXISTS=fseeko /D _DEBUG /D "CMAKE_INTDIR=\"Debug\"" /D _MBCS /Gm- /RTC1 /MDd /GS /Gy /arch:SSE2 /fp:fast /Zc:wchar_t /Zc:forScope /Fo"cmTC_c3c28.dir\Debug\\" /Fd"cmTC_c3c28.dir\Debug\vc120.pdb" /Gd /TC /analyze- /errorReport:queue  /bigobj "C:\Program Files (x86)\CMake\share\cmake-3.3\Modules\CheckFunctionExists.c"
  
  CheckFunctionExists.c
Link:
  C:\Program Files (x86)\Microsoft Visual Studio 12.0\VC\bin\link.exe /ERRORREPORT:QUEUE /OUT:"C:\GIT\opencv\build\x86\vc12\CMakeFiles\CMakeTmp\Debug\cmTC_c3c28.exe" /INCREMENTAL /NOLOGO kernel32.lib user32.lib gdi32.lib winspool.lib shell32.lib ole32.lib oleaut32.lib uuid.lib comdlg32.lib advapi32.lib /MANIFEST /MANIFESTUAC:"level='asInvoker' uiAccess='false'" /manifest:embed /DEBUG /PDB:"C:/GIT/opencv/build/x86/vc12/CMakeFiles/CMakeTmp/Debug/cmTC_c3c28.pdb" /SUBSYSTEM:CONSOLE /TLBID:1 /DYNAMICBASE /NXCOMPAT /IMPLIB:"C:/GIT/opencv/build/x86/vc12/CMakeFiles/CMakeTmp/Debug/cmTC_c3c28.lib" /MACHINE:X86 /SAFESEH  /machine:X86 /debug cmTC_c3c28.dir\Debug\CheckFunctionExists.obj
CheckFunctionExists.obj : error LNK2019: unresolved external symbol _fseeko referenced in function _main [C:\GIT\opencv\build\x86\vc12\CMakeFiles\CMakeTmp\cmTC_c3c28.vcxproj]
C:\GIT\opencv\build\x86\vc12\CMakeFiles\CMakeTmp\Debug\cmTC_c3c28.exe : fatal error LNK1120: 1 unresolved externals [C:\GIT\opencv\build\x86\vc12\CMakeFiles\CMakeTmp\cmTC_c3c28.vcxproj]
Done Building Project "C:\GIT\opencv\build\x86\vc12\CMakeFiles\CMakeTmp\cmTC_c3c28.vcxproj" (default targets) -- FAILED.

Build FAILED.

"C:\GIT\opencv\build\x86\vc12\CMakeFiles\CMakeTmp\cmTC_c3c28.vcxproj" (default target) (1) ->
(Link target) -> 
  CheckFunctionExists.obj : error LNK2019: unresolved external symbol _fseeko referenced in function _main [C:\GIT\opencv\build\x86\vc12\CMakeFiles\CMakeTmp\cmTC_c3c28.vcxproj]
  C:\GIT\opencv\build\x86\vc12\CMakeFiles\CMakeTmp\Debug\cmTC_c3c28.exe : fatal error LNK1120: 1 unresolved externals [C:\GIT\opencv\build\x86\vc12\CMakeFiles\CMakeTmp\cmTC_c3c28.vcxproj]

    0 Warning(s)
    2 Error(s)

Time Elapsed 00:00:00.43


Determining if the include file unistd.h exists failed with the following output:
Change Dir: C:/GIT/opencv/build/x86/vc12/CMakeFiles/CMakeTmp

Run Build Command:"C:/Program Files (x86)/MSBuild/12.0/bin/MSBuild.exe" "cmTC_1214c.vcxproj" "/p:Configuration=Debug" "/p:VisualStudioVersion=12.0"
Microsoft (R) Build Engine version 12.0.31101.0
[Microsoft .NET Framework, version 4.0.30319.18444]
Copyright (C) Microsoft Corporation. All rights reserved.

Build started 18-Nov-15 12:57:05.
Project "C:\GIT\opencv\build\x86\vc12\CMakeFiles\CMakeTmp\cmTC_1214c.vcxproj" on node 1 (default targets).
PrepareForBuild:
  Creating directory "cmTC_1214c.dir\Debug\".
  Creating directory "C:\GIT\opencv\build\x86\vc12\CMakeFiles\CMakeTmp\Debug\".
  Creating directory "cmTC_1214c.dir\Debug\cmTC_1214c.tlog\".
InitializeBuildStatus:
  Creating "cmTC_1214c.dir\Debug\cmTC_1214c.tlog\unsuccessfulbuild" because "AlwaysCreate" was specified.
ClCompile:
  C:\Program Files (x86)\Microsoft Visual Studio 12.0\VC\bin\CL.exe /c /Zi /W3 /WX- /MP8 /Od /Ob0 /Oi /Oy- /D WIN32 /D _WINDOWS /D _CRT_SECURE_NO_DEPRECATE /D _CRT_NONSTDC_NO_DEPRECATE /D _SCL_SECURE_NO_WARNINGS /D _DEBUG /D "CMAKE_INTDIR=\"Debug\"" /D _MBCS /Gm- /RTC1 /MDd /GS /Gy /arch:SSE2 /fp:fast /Zc:wchar_t /Zc:forScope /Fo"cmTC_1214c.dir\Debug\\" /Fd"cmTC_1214c.dir\Debug\vc120.pdb" /Gd /TC /analyze- /errorReport:queue  /bigobj C:\GIT\opencv\build\x86\vc12\CMakeFiles\CMakeTmp\CheckIncludeFile.c
  Microsoft (R) C/C++ Optimizing Compiler Version 18.00.31101 for x86
  Copyright (C) Microsoft Corporation.  All rights reserved.
  
  cl /c /Zi /W3 /WX- /MP8 /Od /Ob0 /Oi /Oy- /D WIN32 /D _WINDOWS /D _CRT_SECURE_NO_DEPRECATE /D _CRT_NONSTDC_NO_DEPRECATE /D _SCL_SECURE_NO_WARNINGS /D _DEBUG /D "CMAKE_INTDIR=\"Debug\"" /D _MBCS /Gm- /RTC1 /MDd /GS /Gy /arch:SSE2 /fp:fast /Zc:wchar_t /Zc:forScope /Fo"cmTC_1214c.dir\Debug\\" /Fd"cmTC_1214c.dir\Debug\vc120.pdb" /Gd /TC /analyze- /errorReport:queue  /bigobj C:\GIT\opencv\build\x86\vc12\CMakeFiles\CMakeTmp\CheckIncludeFile.c
  
  CheckIncludeFile.c
C:\GIT\opencv\build\x86\vc12\CMakeFiles\CMakeTmp\CheckIncludeFile.c(1): fatal error C1083: Cannot open include file: 'unistd.h': No such file or directory [C:\GIT\opencv\build\x86\vc12\CMakeFiles\CMakeTmp\cmTC_1214c.vcxproj]
Done Building Project "C:\GIT\opencv\build\x86\vc12\CMakeFiles\CMakeTmp\cmTC_1214c.vcxproj" (default targets) -- FAILED.

Build FAILED.

"C:\GIT\opencv\build\x86\vc12\CMakeFiles\CMakeTmp\cmTC_1214c.vcxproj" (default target) (1) ->
(ClCompile target) -> 
  C:\GIT\opencv\build\x86\vc12\CMakeFiles\CMakeTmp\CheckIncludeFile.c(1): fatal error C1083: Cannot open include file: 'unistd.h': No such file or directory [C:\GIT\opencv\build\x86\vc12\CMakeFiles\CMakeTmp\cmTC_1214c.vcxproj]

    0 Warning(s)
    1 Error(s)

Time Elapsed 00:00:00.29


Determining size of off64_t failed with the following output:
Change Dir: C:/GIT/opencv/build/x86/vc12/CMakeFiles/CMakeTmp

Run Build Command:"C:/Program Files (x86)/MSBuild/12.0/bin/MSBuild.exe" "cmTC_b8be1.vcxproj" "/p:Configuration=Debug" "/p:VisualStudioVersion=12.0"
Microsoft (R) Build Engine version 12.0.31101.0
[Microsoft .NET Framework, version 4.0.30319.18444]
Copyright (C) Microsoft Corporation. All rights reserved.

Build started 18-Nov-15 12:57:05.
Project "C:\GIT\opencv\build\x86\vc12\CMakeFiles\CMakeTmp\cmTC_b8be1.vcxproj" on node 1 (default targets).
PrepareForBuild:
  Creating directory "cmTC_b8be1.dir\Debug\".
  Creating directory "C:\GIT\opencv\build\x86\vc12\CMakeFiles\CMakeTmp\Debug\".
  Creating directory "cmTC_b8be1.dir\Debug\cmTC_b8be1.tlog\".
InitializeBuildStatus:
  Creating "cmTC_b8be1.dir\Debug\cmTC_b8be1.tlog\unsuccessfulbuild" because "AlwaysCreate" was specified.
ClCompile:
  C:\Program Files (x86)\Microsoft Visual Studio 12.0\VC\bin\CL.exe /c /Zi /W3 /WX- /MP8 /Od /Ob0 /Oi /Oy- /D WIN32 /D _WINDOWS /D _CRT_SECURE_NO_DEPRECATE /D _CRT_NONSTDC_NO_DEPRECATE /D _SCL_SECURE_NO_WARNINGS /D _DEBUG /D "CMAKE_INTDIR=\"Debug\"" /D _MBCS /Gm- /RTC1 /MDd /GS /Gy /arch:SSE2 /fp:fast /Zc:wchar_t /Zc:forScope /Fo"cmTC_b8be1.dir\Debug\\" /Fd"cmTC_b8be1.dir\Debug\vc120.pdb" /Gd /TC /analyze- /errorReport:queue  /bigobj C:\GIT\opencv\build\x86\vc12\CMakeFiles\CheckTypeSize\OFF64_T.c
  Microsoft (R) C/C++ Optimizing Compiler Version 18.00.31101 for x86
  Copyright (C) Microsoft Corporation.  All rights reserved.
  
  cl /c /Zi /W3 /WX- /MP8 /Od /Ob0 /Oi /Oy- /D WIN32 /D _WINDOWS /D _CRT_SECURE_NO_DEPRECATE /D _CRT_NONSTDC_NO_DEPRECATE /D _SCL_SECURE_NO_WARNINGS /D _DEBUG /D "CMAKE_INTDIR=\"Debug\"" /D _MBCS /Gm- /RTC1 /MDd /GS /Gy /arch:SSE2 /fp:fast /Zc:wchar_t /Zc:forScope /Fo"cmTC_b8be1.dir\Debug\\" /Fd"cmTC_b8be1.dir\Debug\vc120.pdb" /Gd /TC /analyze- /errorReport:queue  /bigobj C:\GIT\opencv\build\x86\vc12\CMakeFiles\CheckTypeSize\OFF64_T.c
  
  OFF64_T.c
C:\GIT\opencv\build\x86\vc12\CMakeFiles\CheckTypeSize\OFF64_T.c(19): error C2065: 'off64_t' : undeclared identifier [C:\GIT\opencv\build\x86\vc12\CMakeFiles\CMakeTmp\cmTC_b8be1.vcxproj]
C:\GIT\opencv\build\x86\vc12\CMakeFiles\CheckTypeSize\OFF64_T.c(20): error C2065: 'off64_t' : undeclared identifier [C:\GIT\opencv\build\x86\vc12\CMakeFiles\CMakeTmp\cmTC_b8be1.vcxproj]
C:\GIT\opencv\build\x86\vc12\CMakeFiles\CheckTypeSize\OFF64_T.c(21): error C2065: 'off64_t' : undeclared identifier [C:\GIT\opencv\build\x86\vc12\CMakeFiles\CMakeTmp\cmTC_b8be1.vcxproj]
C:\GIT\opencv\build\x86\vc12\CMakeFiles\CheckTypeSize\OFF64_T.c(22): error C2065: 'off64_t' : undeclared identifier [C:\GIT\opencv\build\x86\vc12\CMakeFiles\CMakeTmp\cmTC_b8be1.vcxproj]
C:\GIT\opencv\build\x86\vc12\CMakeFiles\CheckTypeSize\OFF64_T.c(23): error C2065: 'off64_t' : undeclared identifier [C:\GIT\opencv\build\x86\vc12\CMakeFiles\CMakeTmp\cmTC_b8be1.vcxproj]
Done Building Project "C:\GIT\opencv\build\x86\vc12\CMakeFiles\CMakeTmp\cmTC_b8be1.vcxproj" (default targets) -- FAILED.

Build FAILED.

"C:\GIT\opencv\build\x86\vc12\CMakeFiles\CMakeTmp\cmTC_b8be1.vcxproj" (default target) (1) ->
(ClCompile target) -> 
  C:\GIT\opencv\build\x86\vc12\CMakeFiles\CheckTypeSize\OFF64_T.c(19): error C2065: 'off64_t' : undeclared identifier [C:\GIT\opencv\build\x86\vc12\CMakeFiles\CMakeTmp\cmTC_b8be1.vcxproj]
  C:\GIT\opencv\build\x86\vc12\CMakeFiles\CheckTypeSize\OFF64_T.c(20): error C2065: 'off64_t' : undeclared identifier [C:\GIT\opencv\build\x86\vc12\CMakeFiles\CMakeTmp\cmTC_b8be1.vcxproj]
  C:\GIT\opencv\build\x86\vc12\CMakeFiles\CheckTypeSize\OFF64_T.c(21): error C2065: 'off64_t' : undeclared identifier [C:\GIT\opencv\build\x86\vc12\CMakeFiles\CMakeTmp\cmTC_b8be1.vcxproj]
  C:\GIT\opencv\build\x86\vc12\CMakeFiles\CheckTypeSize\OFF64_T.c(22): error C2065: 'off64_t' : undeclared identifier [C:\GIT\opencv\build\x86\vc12\CMakeFiles\CMakeTmp\cmTC_b8be1.vcxproj]
  C:\GIT\opencv\build\x86\vc12\CMakeFiles\CheckTypeSize\OFF64_T.c(23): error C2065: 'off64_t' : undeclared identifier [C:\GIT\opencv\build\x86\vc12\CMakeFiles\CMakeTmp\cmTC_b8be1.vcxproj]

    0 Warning(s)
    5 Error(s)

Time Elapsed 00:00:00.29

C:/GIT/opencv/build/x86/vc12/CMakeFiles/CheckTypeSize/OFF64_T.c:
#include <sys/types.h>
#include <stdint.h>
#include <stddef.h>


#undef KEY
#if defined(__i386)
# define KEY '_','_','i','3','8','6'
#elif defined(__x86_64)
# define KEY '_','_','x','8','6','_','6','4'
#elif defined(__ppc__)
# define KEY '_','_','p','p','c','_','_'
#elif defined(__ppc64__)
# define KEY '_','_','p','p','c','6','4','_','_'
#endif

#define SIZE (sizeof(off64_t))
char info_size[] =  {'I', 'N', 'F', 'O', ':', 's','i','z','e','[',
  ('0' + ((SIZE / 10000)%10)),
  ('0' + ((SIZE / 1000)%10)),
  ('0' + ((SIZE / 100)%10)),
  ('0' + ((SIZE / 10)%10)),
  ('0' +  (SIZE    % 10)),
  ']',
#ifdef KEY
  ' ','k','e','y','[', KEY, ']',
#endif
  '\0'};

#ifdef __CLASSIC_C__
int main(argc, argv) int argc; char *argv[];
#else
int main(int argc, char *argv[])
#endif
{
  int require = 0;
  require += info_size[argc];
  (void)argv;
  return require;
}


Determining if the function jbg_newlen exists failed with the following output:
Change Dir: C:/GIT/opencv/build/x86/vc12/CMakeFiles/CMakeTmp

Run Build Command:"C:/Program Files (x86)/MSBuild/12.0/bin/MSBuild.exe" "cmTC_7aff3.vcxproj" "/p:Configuration=Debug" "/p:VisualStudioVersion=12.0"
Microsoft (R) Build Engine version 12.0.31101.0
[Microsoft .NET Framework, version 4.0.30319.18444]
Copyright (C) Microsoft Corporation. All rights reserved.

Build started 18-Nov-15 12:57:08.
Project "C:\GIT\opencv\build\x86\vc12\CMakeFiles\CMakeTmp\cmTC_7aff3.vcxproj" on node 1 (default targets).
PrepareForBuild:
  Creating directory "cmTC_7aff3.dir\Debug\".
  Creating directory "C:\GIT\opencv\build\x86\vc12\CMakeFiles\CMakeTmp\Debug\".
  Creating directory "cmTC_7aff3.dir\Debug\cmTC_7aff3.tlog\".
InitializeBuildStatus:
  Creating "cmTC_7aff3.dir\Debug\cmTC_7aff3.tlog\unsuccessfulbuild" because "AlwaysCreate" was specified.
ClCompile:
  C:\Program Files (x86)\Microsoft Visual Studio 12.0\VC\bin\CL.exe /c /Zi /W3 /WX- /MP8 /Od /Ob0 /Oi /Oy- /D WIN32 /D _WINDOWS /D _CRT_SECURE_NO_DEPRECATE /D _CRT_NONSTDC_NO_DEPRECATE /D _SCL_SECURE_NO_WARNINGS /D CHECK_FUNCTION_EXISTS=jbg_newlen /D _DEBUG /D "CMAKE_INTDIR=\"Debug\"" /D _MBCS /Gm- /RTC1 /MDd /GS /Gy /arch:SSE2 /fp:fast /Zc:wchar_t /Zc:forScope /Fo"cmTC_7aff3.dir\Debug\\" /Fd"cmTC_7aff3.dir\Debug\vc120.pdb" /Gd /TC /analyze- /errorReport:queue  /bigobj "C:\Program Files (x86)\CMake\share\cmake-3.3\Modules\CheckFunctionExists.c"
  Microsoft (R) C/C++ Optimizing Compiler Version 18.00.31101 for x86
  Copyright (C) Microsoft Corporation.  All rights reserved.
  
  cl /c /Zi /W3 /WX- /MP8 /Od /Ob0 /Oi /Oy- /D WIN32 /D _WINDOWS /D _CRT_SECURE_NO_DEPRECATE /D _CRT_NONSTDC_NO_DEPRECATE /D _SCL_SECURE_NO_WARNINGS /D CHECK_FUNCTION_EXISTS=jbg_newlen /D _DEBUG /D "CMAKE_INTDIR=\"Debug\"" /D _MBCS /Gm- /RTC1 /MDd /GS /Gy /arch:SSE2 /fp:fast /Zc:wchar_t /Zc:forScope /Fo"cmTC_7aff3.dir\Debug\\" /Fd"cmTC_7aff3.dir\Debug\vc120.pdb" /Gd /TC /analyze- /errorReport:queue  /bigobj "C:\Program Files (x86)\CMake\share\cmake-3.3\Modules\CheckFunctionExists.c"
  
  CheckFunctionExists.c
Link:
  C:\Program Files (x86)\Microsoft Visual Studio 12.0\VC\bin\link.exe /ERRORREPORT:QUEUE /OUT:"C:\GIT\opencv\build\x86\vc12\CMakeFiles\CMakeTmp\Debug\cmTC_7aff3.exe" /INCREMENTAL /NOLOGO kernel32.lib user32.lib gdi32.lib winspool.lib shell32.lib ole32.lib oleaut32.lib uuid.lib comdlg32.lib advapi32.lib /MANIFEST /MANIFESTUAC:"level='asInvoker' uiAccess='false'" /manifest:embed /DEBUG /PDB:"C:/GIT/opencv/build/x86/vc12/CMakeFiles/CMakeTmp/Debug/cmTC_7aff3.pdb" /SUBSYSTEM:CONSOLE /TLBID:1 /DYNAMICBASE /NXCOMPAT /IMPLIB:"C:/GIT/opencv/build/x86/vc12/CMakeFiles/CMakeTmp/Debug/cmTC_7aff3.lib" /MACHINE:X86 /SAFESEH  /machine:X86 /debug cmTC_7aff3.dir\Debug\CheckFunctionExists.obj
CheckFunctionExists.obj : error LNK2019: unresolved external symbol _jbg_newlen referenced in function _main [C:\GIT\opencv\build\x86\vc12\CMakeFiles\CMakeTmp\cmTC_7aff3.vcxproj]
C:\GIT\opencv\build\x86\vc12\CMakeFiles\CMakeTmp\Debug\cmTC_7aff3.exe : fatal error LNK1120: 1 unresolved externals [C:\GIT\opencv\build\x86\vc12\CMakeFiles\CMakeTmp\cmTC_7aff3.vcxproj]
Done Building Project "C:\GIT\opencv\build\x86\vc12\CMakeFiles\CMakeTmp\cmTC_7aff3.vcxproj" (default targets) -- FAILED.

Build FAILED.

"C:\GIT\opencv\build\x86\vc12\CMakeFiles\CMakeTmp\cmTC_7aff3.vcxproj" (default target) (1) ->
(Link target) -> 
  CheckFunctionExists.obj : error LNK2019: unresolved external symbol _jbg_newlen referenced in function _main [C:\GIT\opencv\build\x86\vc12\CMakeFiles\CMakeTmp\cmTC_7aff3.vcxproj]
  C:\GIT\opencv\build\x86\vc12\CMakeFiles\CMakeTmp\Debug\cmTC_7aff3.exe : fatal error LNK1120: 1 unresolved externals [C:\GIT\opencv\build\x86\vc12\CMakeFiles\CMakeTmp\cmTC_7aff3.vcxproj]

    0 Warning(s)
    2 Error(s)

Time Elapsed 00:00:00.44


Determining if the function mmap exists failed with the following output:
Change Dir: C:/GIT/opencv/build/x86/vc12/CMakeFiles/CMakeTmp

Run Build Command:"C:/Program Files (x86)/MSBuild/12.0/bin/MSBuild.exe" "cmTC_7e867.vcxproj" "/p:Configuration=Debug" "/p:VisualStudioVersion=12.0"
Microsoft (R) Build Engine version 12.0.31101.0
[Microsoft .NET Framework, version 4.0.30319.18444]
Copyright (C) Microsoft Corporation. All rights reserved.

Build started 18-Nov-15 12:57:08.
Project "C:\GIT\opencv\build\x86\vc12\CMakeFiles\CMakeTmp\cmTC_7e867.vcxproj" on node 1 (default targets).
PrepareForBuild:
  Creating directory "cmTC_7e867.dir\Debug\".
  Creating directory "C:\GIT\opencv\build\x86\vc12\CMakeFiles\CMakeTmp\Debug\".
  Creating directory "cmTC_7e867.dir\Debug\cmTC_7e867.tlog\".
InitializeBuildStatus:
  Creating "cmTC_7e867.dir\Debug\cmTC_7e867.tlog\unsuccessfulbuild" because "AlwaysCreate" was specified.
ClCompile:
  C:\Program Files (x86)\Microsoft Visual Studio 12.0\VC\bin\CL.exe /c /Zi /W3 /WX- /MP8 /Od /Ob0 /Oi /Oy- /D WIN32 /D _WINDOWS /D _CRT_SECURE_NO_DEPRECATE /D _CRT_NONSTDC_NO_DEPRECATE /D _SCL_SECURE_NO_WARNINGS /D CHECK_FUNCTION_EXISTS=mmap /D _DEBUG /D "CMAKE_INTDIR=\"Debug\"" /D _MBCS /Gm- /RTC1 /MDd /GS /Gy /arch:SSE2 /fp:fast /Zc:wchar_t /Zc:forScope /Fo"cmTC_7e867.dir\Debug\\" /Fd"cmTC_7e867.dir\Debug\vc120.pdb" /Gd /TC /analyze- /errorReport:queue  /bigobj "C:\Program Files (x86)\CMake\share\cmake-3.3\Modules\CheckFunctionExists.c"
  Microsoft (R) C/C++ Optimizing Compiler Version 18.00.31101 for x86
  Copyright (C) Microsoft Corporation.  All rights reserved.
  
  cl /c /Zi /W3 /WX- /MP8 /Od /Ob0 /Oi /Oy- /D WIN32 /D _WINDOWS /D _CRT_SECURE_NO_DEPRECATE /D _CRT_NONSTDC_NO_DEPRECATE /D _SCL_SECURE_NO_WARNINGS /D CHECK_FUNCTION_EXISTS=mmap /D _DEBUG /D "CMAKE_INTDIR=\"Debug\"" /D _MBCS /Gm- /RTC1 /MDd /GS /Gy /arch:SSE2 /fp:fast /Zc:wchar_t /Zc:forScope /Fo"cmTC_7e867.dir\Debug\\" /Fd"cmTC_7e867.dir\Debug\vc120.pdb" /Gd /TC /analyze- /errorReport:queue  /bigobj "C:\Program Files (x86)\CMake\share\cmake-3.3\Modules\CheckFunctionExists.c"
  
  CheckFunctionExists.c
Link:
  C:\Program Files (x86)\Microsoft Visual Studio 12.0\VC\bin\link.exe /ERRORREPORT:QUEUE /OUT:"C:\GIT\opencv\build\x86\vc12\CMakeFiles\CMakeTmp\Debug\cmTC_7e867.exe" /INCREMENTAL /NOLOGO kernel32.lib user32.lib gdi32.lib winspool.lib shell32.lib ole32.lib oleaut32.lib uuid.lib comdlg32.lib advapi32.lib /MANIFEST /MANIFESTUAC:"level='asInvoker' uiAccess='false'" /manifest:embed /DEBUG /PDB:"C:/GIT/opencv/build/x86/vc12/CMakeFiles/CMakeTmp/Debug/cmTC_7e867.pdb" /SUBSYSTEM:CONSOLE /TLBID:1 /DYNAMICBASE /NXCOMPAT /IMPLIB:"C:/GIT/opencv/build/x86/vc12/CMakeFiles/CMakeTmp/Debug/cmTC_7e867.lib" /MACHINE:X86 /SAFESEH  /machine:X86 /debug cmTC_7e867.dir\Debug\CheckFunctionExists.obj
CheckFunctionExists.obj : error LNK2019: unresolved external symbol _mmap referenced in function _main [C:\GIT\opencv\build\x86\vc12\CMakeFiles\CMakeTmp\cmTC_7e867.vcxproj]
C:\GIT\opencv\build\x86\vc12\CMakeFiles\CMakeTmp\Debug\cmTC_7e867.exe : fatal error LNK1120: 1 unresolved externals [C:\GIT\opencv\build\x86\vc12\CMakeFiles\CMakeTmp\cmTC_7e867.vcxproj]
Done Building Project "C:\GIT\opencv\build\x86\vc12\CMakeFiles\CMakeTmp\cmTC_7e867.vcxproj" (default targets) -- FAILED.

Build FAILED.

"C:\GIT\opencv\build\x86\vc12\CMakeFiles\CMakeTmp\cmTC_7e867.vcxproj" (default target) (1) ->
(Link target) -> 
  CheckFunctionExists.obj : error LNK2019: unresolved external symbol _mmap referenced in function _main [C:\GIT\opencv\build\x86\vc12\CMakeFiles\CMakeTmp\cmTC_7e867.vcxproj]
  C:\GIT\opencv\build\x86\vc12\CMakeFiles\CMakeTmp\Debug\cmTC_7e867.exe : fatal error LNK1120: 1 unresolved externals [C:\GIT\opencv\build\x86\vc12\CMakeFiles\CMakeTmp\cmTC_7e867.vcxproj]

    0 Warning(s)
    2 Error(s)

Time Elapsed 00:00:00.44


Determining if the include file unistd.h exists failed with the following output:
Change Dir: C:/GIT/opencv/build/x86/vc12/CMakeFiles/CMakeTmp

Run Build Command:"C:/Program Files (x86)/MSBuild/12.0/bin/MSBuild.exe" "cmTC_6c974.vcxproj" "/p:Configuration=Debug" "/p:VisualStudioVersion=12.0"
Microsoft (R) Build Engine version 12.0.31101.0
[Microsoft .NET Framework, version 4.0.30319.18444]
Copyright (C) Microsoft Corporation. All rights reserved.

Build started 18-Nov-15 12:57:10.
Project "C:\GIT\opencv\build\x86\vc12\CMakeFiles\CMakeTmp\cmTC_6c974.vcxproj" on node 1 (default targets).
PrepareForBuild:
  Creating directory "cmTC_6c974.dir\Debug\".
  Creating directory "C:\GIT\opencv\build\x86\vc12\CMakeFiles\CMakeTmp\Debug\".
  Creating directory "cmTC_6c974.dir\Debug\cmTC_6c974.tlog\".
InitializeBuildStatus:
  Creating "cmTC_6c974.dir\Debug\cmTC_6c974.tlog\unsuccessfulbuild" because "AlwaysCreate" was specified.
ClCompile:
  C:\Program Files (x86)\Microsoft Visual Studio 12.0\VC\bin\CL.exe /c /Zi /W3 /WX- /MP8 /Od /Ob0 /Oi /Oy- /D WIN32 /D _WINDOWS /D _CRT_SECURE_NO_DEPRECATE /D _CRT_NONSTDC_NO_DEPRECATE /D _SCL_SECURE_NO_WARNINGS /D _DEBUG /D "CMAKE_INTDIR=\"Debug\"" /D _MBCS /Gm- /RTC1 /MDd /GS /Gy /arch:SSE2 /fp:fast /Zc:wchar_t /Zc:forScope /Fo"cmTC_6c974.dir\Debug\\" /Fd"cmTC_6c974.dir\Debug\vc120.pdb" /Gd /TC /analyze- /errorReport:queue  /bigobj C:\GIT\opencv\build\x86\vc12\CMakeFiles\CMakeTmp\CheckIncludeFile.c
  Microsoft (R) C/C++ Optimizing Compiler Version 18.00.31101 for x86
  Copyright (C) Microsoft Corporation.  All rights reserved.
  
  cl /c /Zi /W3 /WX- /MP8 /Od /Ob0 /Oi /Oy- /D WIN32 /D _WINDOWS /D _CRT_SECURE_NO_DEPRECATE /D _CRT_NONSTDC_NO_DEPRECATE /D _SCL_SECURE_NO_WARNINGS /D _DEBUG /D "CMAKE_INTDIR=\"Debug\"" /D _MBCS /Gm- /RTC1 /MDd /GS /Gy /arch:SSE2 /fp:fast /Zc:wchar_t /Zc:forScope /Fo"cmTC_6c974.dir\Debug\\" /Fd"cmTC_6c974.dir\Debug\vc120.pdb" /Gd /TC /analyze- /errorReport:queue  /bigobj C:\GIT\opencv\build\x86\vc12\CMakeFiles\CMakeTmp\CheckIncludeFile.c
  
  CheckIncludeFile.c
C:\GIT\opencv\build\x86\vc12\CMakeFiles\CMakeTmp\CheckIncludeFile.c(1): fatal error C1083: Cannot open include file: 'unistd.h': No such file or directory [C:\GIT\opencv\build\x86\vc12\CMakeFiles\CMakeTmp\cmTC_6c974.vcxproj]
Done Building Project "C:\GIT\opencv\build\x86\vc12\CMakeFiles\CMakeTmp\cmTC_6c974.vcxproj" (default targets) -- FAILED.

Build FAILED.

"C:\GIT\opencv\build\x86\vc12\CMakeFiles\CMakeTmp\cmTC_6c974.vcxproj" (default target) (1) ->
(ClCompile target) -> 
  C:\GIT\opencv\build\x86\vc12\CMakeFiles\CMakeTmp\CheckIncludeFile.c(1): fatal error C1083: Cannot open include file: 'unistd.h': No such file or directory [C:\GIT\opencv\build\x86\vc12\CMakeFiles\CMakeTmp\cmTC_6c974.vcxproj]

    0 Warning(s)
    1 Error(s)

Time Elapsed 00:00:00.30


