Determining if the system is big endian passed with the following output:
Change Dir: C:/GIT/opencv/build/x64/vc12/CMakeFiles/CMakeTmp

Run Build Command:"C:/Program Files (x86)/MSBuild/12.0/bin/MSBuild.exe" "cmTC_3086b.vcxproj" "/p:Configuration=Debug" "/p:VisualStudioVersion=12.0"
Microsoft (R) Build Engine version 12.0.31101.0
[Microsoft .NET Framework, version 4.0.30319.18444]
Copyright (C) Microsoft Corporation. All rights reserved.

Build started 18-Nov-15 12:52:00.
Project "C:\GIT\opencv\build\x64\vc12\CMakeFiles\CMakeTmp\cmTC_3086b.vcxproj" on node 1 (default targets).
PrepareForBuild:
  Creating directory "cmTC_3086b.dir\Debug\".
  Creating directory "C:\GIT\opencv\build\x64\vc12\CMakeFiles\CMakeTmp\Debug\".
  Creating directory "cmTC_3086b.dir\Debug\cmTC_3086b.tlog\".
InitializeBuildStatus:
  Creating "cmTC_3086b.dir\Debug\cmTC_3086b.tlog\unsuccessfulbuild" because "AlwaysCreate" was specified.
ClCompile:
  C:\Program Files (x86)\Microsoft Visual Studio 12.0\VC\bin\x86_amd64\CL.exe /c /Zi /W3 /WX- /MP8 /Od /Ob0 /Oi /D WIN32 /D _WINDOWS /D _CRT_SECURE_NO_DEPRECATE /D _CRT_NONSTDC_NO_DEPRECATE /D _SCL_SECURE_NO_WARNINGS /D _DEBUG /D "CMAKE_INTDIR=\"Debug\"" /D _MBCS /Gm- /RTC1 /MDd /GS /Gy /fp:precise /Zc:wchar_t /Zc:forScope /Fo"cmTC_3086b.dir\Debug\\" /Fd"cmTC_3086b.dir\Debug\vc120.pdb" /Gd /TC /errorReport:queue  /bigobj C:\GIT\opencv\build\x64\vc12\CMakeFiles\CMakeTmp\TestEndianess.c
  Microsoft (R) C/C++ Optimizing Compiler Version 18.00.31101 for x64
  Copyright (C) Microsoft Corporation.  All rights reserved.
  
  cl /c /Zi /W3 /WX- /MP8 /Od /Ob0 /Oi /D WIN32 /D _WINDOWS /D _CRT_SECURE_NO_DEPRECATE /D _CRT_NONSTDC_NO_DEPRECATE /D _SCL_SECURE_NO_WARNINGS /D _DEBUG /D "CMAKE_INTDIR=\"Debug\"" /D _MBCS /Gm- /RTC1 /MDd /GS /Gy /fp:precise /Zc:wchar_t /Zc:forScope /Fo"cmTC_3086b.dir\Debug\\" /Fd"cmTC_3086b.dir\Debug\vc120.pdb" /Gd /TC /errorReport:queue  /bigobj C:\GIT\opencv\build\x64\vc12\CMakeFiles\CMakeTmp\TestEndianess.c
  
  TestEndianess.c
Link:
  C:\Program Files (x86)\Microsoft Visual Studio 12.0\VC\bin\x86_amd64\link.exe /ERRORREPORT:QUEUE /OUT:"C:\GIT\opencv\build\x64\vc12\CMakeFiles\CMakeTmp\Debug\cmTC_3086b.exe" /INCREMENTAL /NOLOGO kernel32.lib user32.lib gdi32.lib winspool.lib shell32.lib ole32.lib oleaut32.lib uuid.lib comdlg32.lib advapi32.lib /MANIFEST /MANIFESTUAC:"level='asInvoker' uiAccess='false'" /manifest:embed /DEBUG /PDB:"C:/GIT/opencv/build/x64/vc12/CMakeFiles/CMakeTmp/Debug/cmTC_3086b.pdb" /SUBSYSTEM:CONSOLE /TLBID:1 /DYNAMICBASE /NXCOMPAT /IMPLIB:"C:/GIT/opencv/build/x64/vc12/CMakeFiles/CMakeTmp/Debug/cmTC_3086b.lib" /MACHINE:X64  /machine:x64 /debug cmTC_3086b.dir\Debug\TestEndianess.obj
  cmTC_3086b.vcxproj -> C:\GIT\opencv\build\x64\vc12\CMakeFiles\CMakeTmp\Debug\cmTC_3086b.exe
FinalizeBuildStatus:
  Deleting file "cmTC_3086b.dir\Debug\cmTC_3086b.tlog\unsuccessfulbuild".
  Touching "cmTC_3086b.dir\Debug\cmTC_3086b.tlog\cmTC_3086b.lastbuildstate".
Done Building Project "C:\GIT\opencv\build\x64\vc12\CMakeFiles\CMakeTmp\cmTC_3086b.vcxproj" (default targets).

Build succeeded.
    0 Warning(s)
    0 Error(s)

Time Elapsed 00:00:00.52

TestEndianess.c:
/* A 16 bit integer is required. */
typedef unsigned short cmakeint16;

/* On a little endian machine, these 16bit ints will give "THIS IS LITTLE ENDIAN."
   On a big endian machine the characters will be exchanged pairwise. */
const cmakeint16 info_little[] =  {0x4854, 0x5349, 0x4920, 0x2053, 0x494c, 0x5454, 0x454c, 0x4520, 0x444e, 0x4149, 0x2e4e, 0x0000};

/* on a big endian machine, these 16bit ints will give "THIS IS BIG ENDIAN."
   On a little endian machine the characters will be exchanged pairwise. */
const cmakeint16 info_big[] =     {0x5448, 0x4953, 0x2049, 0x5320, 0x4249, 0x4720, 0x454e, 0x4449, 0x414e, 0x2e2e, 0x0000};

#ifdef __CLASSIC_C__
int main(argc, argv) int argc; char *argv[];
#else
int main(int argc, char *argv[])
#endif
{
  int require = 0;
  require += info_little[argc];
  require += info_big[argc];
  (void)argv;
  return require;
}


Determining if the function fseeko exists failed with the following output:
Change Dir: C:/GIT/opencv/build/x64/vc12/CMakeFiles/CMakeTmp

Run Build Command:"C:/Program Files (x86)/MSBuild/12.0/bin/MSBuild.exe" "cmTC_c90b3.vcxproj" "/p:Configuration=Debug" "/p:VisualStudioVersion=12.0"
Microsoft (R) Build Engine version 12.0.31101.0
[Microsoft .NET Framework, version 4.0.30319.18444]
Copyright (C) Microsoft Corporation. All rights reserved.

Build started 18-Nov-15 12:52:01.
Project "C:\GIT\opencv\build\x64\vc12\CMakeFiles\CMakeTmp\cmTC_c90b3.vcxproj" on node 1 (default targets).
PrepareForBuild:
  Creating directory "cmTC_c90b3.dir\Debug\".
  Creating directory "C:\GIT\opencv\build\x64\vc12\CMakeFiles\CMakeTmp\Debug\".
  Creating directory "cmTC_c90b3.dir\Debug\cmTC_c90b3.tlog\".
InitializeBuildStatus:
  Creating "cmTC_c90b3.dir\Debug\cmTC_c90b3.tlog\unsuccessfulbuild" because "AlwaysCreate" was specified.
ClCompile:
  C:\Program Files (x86)\Microsoft Visual Studio 12.0\VC\bin\x86_amd64\CL.exe /c /Zi /W3 /WX- /MP8 /Od /Ob0 /Oi /D WIN32 /D _WINDOWS /D _CRT_SECURE_NO_DEPRECATE /D _CRT_NONSTDC_NO_DEPRECATE /D _SCL_SECURE_NO_WARNINGS /D CHECK_FUNCTION_EXISTS=fseeko /D _DEBUG /D "CMAKE_INTDIR=\"Debug\"" /D _MBCS /Gm- /RTC1 /MDd /GS /Gy /fp:precise /Zc:wchar_t /Zc:forScope /Fo"cmTC_c90b3.dir\Debug\\" /Fd"cmTC_c90b3.dir\Debug\vc120.pdb" /Gd /TC /errorReport:queue  /bigobj "C:\Program Files (x86)\CMake\share\cmake-3.3\Modules\CheckFunctionExists.c"
  Microsoft (R) C/C++ Optimizing Compiler Version 18.00.31101 for x64
  Copyright (C) Microsoft Corporation.  All rights reserved.
  
  cl /c /Zi /W3 /WX- /MP8 /Od /Ob0 /Oi /D WIN32 /D _WINDOWS /D _CRT_SECURE_NO_DEPRECATE /D _CRT_NONSTDC_NO_DEPRECATE /D _SCL_SECURE_NO_WARNINGS /D CHECK_FUNCTION_EXISTS=fseeko /D _DEBUG /D "CMAKE_INTDIR=\"Debug\"" /D _MBCS /Gm- /RTC1 /MDd /GS /Gy /fp:precise /Zc:wchar_t /Zc:forScope /Fo"cmTC_c90b3.dir\Debug\\" /Fd"cmTC_c90b3.dir\Debug\vc120.pdb" /Gd /TC /errorReport:queue  /bigobj "C:\Program Files (x86)\CMake\share\cmake-3.3\Modules\CheckFunctionExists.c"
  
  CheckFunctionExists.c
Link:
  C:\Program Files (x86)\Microsoft Visual Studio 12.0\VC\bin\x86_amd64\link.exe /ERRORREPORT:QUEUE /OUT:"C:\GIT\opencv\build\x64\vc12\CMakeFiles\CMakeTmp\Debug\cmTC_c90b3.exe" /INCREMENTAL /NOLOGO kernel32.lib user32.lib gdi32.lib winspool.lib shell32.lib ole32.lib oleaut32.lib uuid.lib comdlg32.lib advapi32.lib /MANIFEST /MANIFESTUAC:"level='asInvoker' uiAccess='false'" /manifest:embed /DEBUG /PDB:"C:/GIT/opencv/build/x64/vc12/CMakeFiles/CMakeTmp/Debug/cmTC_c90b3.pdb" /SUBSYSTEM:CONSOLE /TLBID:1 /DYNAMICBASE /NXCOMPAT /IMPLIB:"C:/GIT/opencv/build/x64/vc12/CMakeFiles/CMakeTmp/Debug/cmTC_c90b3.lib" /MACHINE:X64  /machine:x64 /debug cmTC_c90b3.dir\Debug\CheckFunctionExists.obj
CheckFunctionExists.obj : error LNK2019: unresolved external symbol fseeko referenced in function main [C:\GIT\opencv\build\x64\vc12\CMakeFiles\CMakeTmp\cmTC_c90b3.vcxproj]
C:\GIT\opencv\build\x64\vc12\CMakeFiles\CMakeTmp\Debug\cmTC_c90b3.exe : fatal error LNK1120: 1 unresolved externals [C:\GIT\opencv\build\x64\vc12\CMakeFiles\CMakeTmp\cmTC_c90b3.vcxproj]
Done Building Project "C:\GIT\opencv\build\x64\vc12\CMakeFiles\CMakeTmp\cmTC_c90b3.vcxproj" (default targets) -- FAILED.

Build FAILED.

"C:\GIT\opencv\build\x64\vc12\CMakeFiles\CMakeTmp\cmTC_c90b3.vcxproj" (default target) (1) ->
(Link target) -> 
  CheckFunctionExists.obj : error LNK2019: unresolved external symbol fseeko referenced in function main [C:\GIT\opencv\build\x64\vc12\CMakeFiles\CMakeTmp\cmTC_c90b3.vcxproj]
  C:\GIT\opencv\build\x64\vc12\CMakeFiles\CMakeTmp\Debug\cmTC_c90b3.exe : fatal error LNK1120: 1 unresolved externals [C:\GIT\opencv\build\x64\vc12\CMakeFiles\CMakeTmp\cmTC_c90b3.vcxproj]

    0 Warning(s)
    2 Error(s)

Time Elapsed 00:00:00.44


Determining if the include file unistd.h exists failed with the following output:
Change Dir: C:/GIT/opencv/build/x64/vc12/CMakeFiles/CMakeTmp

Run Build Command:"C:/Program Files (x86)/MSBuild/12.0/bin/MSBuild.exe" "cmTC_2fec4.vcxproj" "/p:Configuration=Debug" "/p:VisualStudioVersion=12.0"
Microsoft (R) Build Engine version 12.0.31101.0
[Microsoft .NET Framework, version 4.0.30319.18444]
Copyright (C) Microsoft Corporation. All rights reserved.

Build started 18-Nov-15 12:52:02.
Project "C:\GIT\opencv\build\x64\vc12\CMakeFiles\CMakeTmp\cmTC_2fec4.vcxproj" on node 1 (default targets).
PrepareForBuild:
  Creating directory "cmTC_2fec4.dir\Debug\".
  Creating directory "C:\GIT\opencv\build\x64\vc12\CMakeFiles\CMakeTmp\Debug\".
  Creating directory "cmTC_2fec4.dir\Debug\cmTC_2fec4.tlog\".
InitializeBuildStatus:
  Creating "cmTC_2fec4.dir\Debug\cmTC_2fec4.tlog\unsuccessfulbuild" because "AlwaysCreate" was specified.
ClCompile:
  C:\Program Files (x86)\Microsoft Visual Studio 12.0\VC\bin\x86_amd64\CL.exe /c /Zi /W3 /WX- /MP8 /Od /Ob0 /Oi /D WIN32 /D _WINDOWS /D _CRT_SECURE_NO_DEPRECATE /D _CRT_NONSTDC_NO_DEPRECATE /D _SCL_SECURE_NO_WARNINGS /D _DEBUG /D "CMAKE_INTDIR=\"Debug\"" /D _MBCS /Gm- /RTC1 /MDd /GS /Gy /fp:precise /Zc:wchar_t /Zc:forScope /Fo"cmTC_2fec4.dir\Debug\\" /Fd"cmTC_2fec4.dir\Debug\vc120.pdb" /Gd /TC /errorReport:queue  /bigobj C:\GIT\opencv\build\x64\vc12\CMakeFiles\CMakeTmp\CheckIncludeFile.c
  Microsoft (R) C/C++ Optimizing Compiler Version 18.00.31101 for x64
  Copyright (C) Microsoft Corporation.  All rights reserved.
  
  cl /c /Zi /W3 /WX- /MP8 /Od /Ob0 /Oi /D WIN32 /D _WINDOWS /D _CRT_SECURE_NO_DEPRECATE /D _CRT_NONSTDC_NO_DEPRECATE /D _SCL_SECURE_NO_WARNINGS /D _DEBUG /D "CMAKE_INTDIR=\"Debug\"" /D _MBCS /Gm- /RTC1 /MDd /GS /Gy /fp:precise /Zc:wchar_t /Zc:forScope /Fo"cmTC_2fec4.dir\Debug\\" /Fd"cmTC_2fec4.dir\Debug\vc120.pdb" /Gd /TC /errorReport:queue  /bigobj C:\GIT\opencv\build\x64\vc12\CMakeFiles\CMakeTmp\CheckIncludeFile.c
  
  CheckIncludeFile.c
C:\GIT\opencv\build\x64\vc12\CMakeFiles\CMakeTmp\CheckIncludeFile.c(1): fatal error C1083: Cannot open include file: 'unistd.h': No such file or directory [C:\GIT\opencv\build\x64\vc12\CMakeFiles\CMakeTmp\cmTC_2fec4.vcxproj]
Done Building Project "C:\GIT\opencv\build\x64\vc12\CMakeFiles\CMakeTmp\cmTC_2fec4.vcxproj" (default targets) -- FAILED.

Build FAILED.

"C:\GIT\opencv\build\x64\vc12\CMakeFiles\CMakeTmp\cmTC_2fec4.vcxproj" (default target) (1) ->
(ClCompile target) -> 
  C:\GIT\opencv\build\x64\vc12\CMakeFiles\CMakeTmp\CheckIncludeFile.c(1): fatal error C1083: Cannot open include file: 'unistd.h': No such file or directory [C:\GIT\opencv\build\x64\vc12\CMakeFiles\CMakeTmp\cmTC_2fec4.vcxproj]

    0 Warning(s)
    1 Error(s)

Time Elapsed 00:00:00.30


Determining size of off64_t failed with the following output:
Change Dir: C:/GIT/opencv/build/x64/vc12/CMakeFiles/CMakeTmp

Run Build Command:"C:/Program Files (x86)/MSBuild/12.0/bin/MSBuild.exe" "cmTC_72bb5.vcxproj" "/p:Configuration=Debug" "/p:VisualStudioVersion=12.0"
Microsoft (R) Build Engine version 12.0.31101.0
[Microsoft .NET Framework, version 4.0.30319.18444]
Copyright (C) Microsoft Corporation. All rights reserved.

Build started 18-Nov-15 12:52:02.
Project "C:\GIT\opencv\build\x64\vc12\CMakeFiles\CMakeTmp\cmTC_72bb5.vcxproj" on node 1 (default targets).
PrepareForBuild:
  Creating directory "cmTC_72bb5.dir\Debug\".
  Creating directory "C:\GIT\opencv\build\x64\vc12\CMakeFiles\CMakeTmp\Debug\".
  Creating directory "cmTC_72bb5.dir\Debug\cmTC_72bb5.tlog\".
InitializeBuildStatus:
  Creating "cmTC_72bb5.dir\Debug\cmTC_72bb5.tlog\unsuccessfulbuild" because "AlwaysCreate" was specified.
ClCompile:
  C:\Program Files (x86)\Microsoft Visual Studio 12.0\VC\bin\x86_amd64\CL.exe /c /Zi /W3 /WX- /MP8 /Od /Ob0 /Oi /D WIN32 /D _WINDOWS /D _CRT_SECURE_NO_DEPRECATE /D _CRT_NONSTDC_NO_DEPRECATE /D _SCL_SECURE_NO_WARNINGS /D _DEBUG /D "CMAKE_INTDIR=\"Debug\"" /D _MBCS /Gm- /RTC1 /MDd /GS /Gy /fp:precise /Zc:wchar_t /Zc:forScope /Fo"cmTC_72bb5.dir\Debug\\" /Fd"cmTC_72bb5.dir\Debug\vc120.pdb" /Gd /TC /errorReport:queue  /bigobj C:\GIT\opencv\build\x64\vc12\CMakeFiles\CheckTypeSize\OFF64_T.c
  Microsoft (R) C/C++ Optimizing Compiler Version 18.00.31101 for x64
  Copyright (C) Microsoft Corporation.  All rights reserved.
  
  cl /c /Zi /W3 /WX- /MP8 /Od /Ob0 /Oi /D WIN32 /D _WINDOWS /D _CRT_SECURE_NO_DEPRECATE /D _CRT_NONSTDC_NO_DEPRECATE /D _SCL_SECURE_NO_WARNINGS /D _DEBUG /D "CMAKE_INTDIR=\"Debug\"" /D _MBCS /Gm- /RTC1 /MDd /GS /Gy /fp:precise /Zc:wchar_t /Zc:forScope /Fo"cmTC_72bb5.dir\Debug\\" /Fd"cmTC_72bb5.dir\Debug\vc120.pdb" /Gd /TC /errorReport:queue  /bigobj C:\GIT\opencv\build\x64\vc12\CMakeFiles\CheckTypeSize\OFF64_T.c
  
  OFF64_T.c
C:\GIT\opencv\build\x64\vc12\CMakeFiles\CheckTypeSize\OFF64_T.c(19): error C2065: 'off64_t' : undeclared identifier [C:\GIT\opencv\build\x64\vc12\CMakeFiles\CMakeTmp\cmTC_72bb5.vcxproj]
C:\GIT\opencv\build\x64\vc12\CMakeFiles\CheckTypeSize\OFF64_T.c(20): error C2065: 'off64_t' : undeclared identifier [C:\GIT\opencv\build\x64\vc12\CMakeFiles\CMakeTmp\cmTC_72bb5.vcxproj]
C:\GIT\opencv\build\x64\vc12\CMakeFiles\CheckTypeSize\OFF64_T.c(21): error C2065: 'off64_t' : undeclared identifier [C:\GIT\opencv\build\x64\vc12\CMakeFiles\CMakeTmp\cmTC_72bb5.vcxproj]
C:\GIT\opencv\build\x64\vc12\CMakeFiles\CheckTypeSize\OFF64_T.c(22): error C2065: 'off64_t' : undeclared identifier [C:\GIT\opencv\build\x64\vc12\CMakeFiles\CMakeTmp\cmTC_72bb5.vcxproj]
C:\GIT\opencv\build\x64\vc12\CMakeFiles\CheckTypeSize\OFF64_T.c(23): error C2065: 'off64_t' : undeclared identifier [C:\GIT\opencv\build\x64\vc12\CMakeFiles\CMakeTmp\cmTC_72bb5.vcxproj]
Done Building Project "C:\GIT\opencv\build\x64\vc12\CMakeFiles\CMakeTmp\cmTC_72bb5.vcxproj" (default targets) -- FAILED.

Build FAILED.

"C:\GIT\opencv\build\x64\vc12\CMakeFiles\CMakeTmp\cmTC_72bb5.vcxproj" (default target) (1) ->
(ClCompile target) -> 
  C:\GIT\opencv\build\x64\vc12\CMakeFiles\CheckTypeSize\OFF64_T.c(19): error C2065: 'off64_t' : undeclared identifier [C:\GIT\opencv\build\x64\vc12\CMakeFiles\CMakeTmp\cmTC_72bb5.vcxproj]
  C:\GIT\opencv\build\x64\vc12\CMakeFiles\CheckTypeSize\OFF64_T.c(20): error C2065: 'off64_t' : undeclared identifier [C:\GIT\opencv\build\x64\vc12\CMakeFiles\CMakeTmp\cmTC_72bb5.vcxproj]
  C:\GIT\opencv\build\x64\vc12\CMakeFiles\CheckTypeSize\OFF64_T.c(21): error C2065: 'off64_t' : undeclared identifier [C:\GIT\opencv\build\x64\vc12\CMakeFiles\CMakeTmp\cmTC_72bb5.vcxproj]
  C:\GIT\opencv\build\x64\vc12\CMakeFiles\CheckTypeSize\OFF64_T.c(22): error C2065: 'off64_t' : undeclared identifier [C:\GIT\opencv\build\x64\vc12\CMakeFiles\CMakeTmp\cmTC_72bb5.vcxproj]
  C:\GIT\opencv\build\x64\vc12\CMakeFiles\CheckTypeSize\OFF64_T.c(23): error C2065: 'off64_t' : undeclared identifier [C:\GIT\opencv\build\x64\vc12\CMakeFiles\CMakeTmp\cmTC_72bb5.vcxproj]

    0 Warning(s)
    5 Error(s)

Time Elapsed 00:00:00.29

C:/GIT/opencv/build/x64/vc12/CMakeFiles/CheckTypeSize/OFF64_T.c:
#include <sys/types.h>
#include <stdint.h>
#include <stddef.h>


#undef KEY
#if defined(__i386)
# define KEY '_','_','i','3','8','6'
#elif defined(__x86_64)
# define KEY '_','_','x','8','6','_','6','4'
#elif defined(__ppc__)
# define KEY '_','_','p','p','c','_','_'
#elif defined(__ppc64__)
# define KEY '_','_','p','p','c','6','4','_','_'
#endif

#define SIZE (sizeof(off64_t))
char info_size[] =  {'I', 'N', 'F', 'O', ':', 's','i','z','e','[',
  ('0' + ((SIZE / 10000)%10)),
  ('0' + ((SIZE / 1000)%10)),
  ('0' + ((SIZE / 100)%10)),
  ('0' + ((SIZE / 10)%10)),
  ('0' +  (SIZE    % 10)),
  ']',
#ifdef KEY
  ' ','k','e','y','[', KEY, ']',
#endif
  '\0'};

#ifdef __CLASSIC_C__
int main(argc, argv) int argc; char *argv[];
#else
int main(int argc, char *argv[])
#endif
{
  int require = 0;
  require += info_size[argc];
  (void)argv;
  return require;
}


Determining if the function jbg_newlen exists failed with the following output:
Change Dir: C:/GIT/opencv/build/x64/vc12/CMakeFiles/CMakeTmp

Run Build Command:"C:/Program Files (x86)/MSBuild/12.0/bin/MSBuild.exe" "cmTC_596ab.vcxproj" "/p:Configuration=Debug" "/p:VisualStudioVersion=12.0"
Microsoft (R) Build Engine version 12.0.31101.0
[Microsoft .NET Framework, version 4.0.30319.18444]
Copyright (C) Microsoft Corporation. All rights reserved.

Build started 18-Nov-15 12:52:05.
Project "C:\GIT\opencv\build\x64\vc12\CMakeFiles\CMakeTmp\cmTC_596ab.vcxproj" on node 1 (default targets).
PrepareForBuild:
  Creating directory "cmTC_596ab.dir\Debug\".
  Creating directory "C:\GIT\opencv\build\x64\vc12\CMakeFiles\CMakeTmp\Debug\".
  Creating directory "cmTC_596ab.dir\Debug\cmTC_596ab.tlog\".
InitializeBuildStatus:
  Creating "cmTC_596ab.dir\Debug\cmTC_596ab.tlog\unsuccessfulbuild" because "AlwaysCreate" was specified.
ClCompile:
  C:\Program Files (x86)\Microsoft Visual Studio 12.0\VC\bin\x86_amd64\CL.exe /c /Zi /W3 /WX- /MP8 /Od /Ob0 /Oi /D WIN32 /D _WINDOWS /D _CRT_SECURE_NO_DEPRECATE /D _CRT_NONSTDC_NO_DEPRECATE /D _SCL_SECURE_NO_WARNINGS /D CHECK_FUNCTION_EXISTS=jbg_newlen /D _DEBUG /D "CMAKE_INTDIR=\"Debug\"" /D _MBCS /Gm- /RTC1 /MDd /GS /Gy /fp:precise /Zc:wchar_t /Zc:forScope /Fo"cmTC_596ab.dir\Debug\\" /Fd"cmTC_596ab.dir\Debug\vc120.pdb" /Gd /TC /errorReport:queue  /bigobj "C:\Program Files (x86)\CMake\share\cmake-3.3\Modules\CheckFunctionExists.c"
  Microsoft (R) C/C++ Optimizing Compiler Version 18.00.31101 for x64
  Copyright (C) Microsoft Corporation.  All rights reserved.
  
  cl /c /Zi /W3 /WX- /MP8 /Od /Ob0 /Oi /D WIN32 /D _WINDOWS /D _CRT_SECURE_NO_DEPRECATE /D _CRT_NONSTDC_NO_DEPRECATE /D _SCL_SECURE_NO_WARNINGS /D CHECK_FUNCTION_EXISTS=jbg_newlen /D _DEBUG /D "CMAKE_INTDIR=\"Debug\"" /D _MBCS /Gm- /RTC1 /MDd /GS /Gy /fp:precise /Zc:wchar_t /Zc:forScope /Fo"cmTC_596ab.dir\Debug\\" /Fd"cmTC_596ab.dir\Debug\vc120.pdb" /Gd /TC /errorReport:queue  /bigobj "C:\Program Files (x86)\CMake\share\cmake-3.3\Modules\CheckFunctionExists.c"
  
  CheckFunctionExists.c
Link:
  C:\Program Files (x86)\Microsoft Visual Studio 12.0\VC\bin\x86_amd64\link.exe /ERRORREPORT:QUEUE /OUT:"C:\GIT\opencv\build\x64\vc12\CMakeFiles\CMakeTmp\Debug\cmTC_596ab.exe" /INCREMENTAL /NOLOGO kernel32.lib user32.lib gdi32.lib winspool.lib shell32.lib ole32.lib oleaut32.lib uuid.lib comdlg32.lib advapi32.lib /MANIFEST /MANIFESTUAC:"level='asInvoker' uiAccess='false'" /manifest:embed /DEBUG /PDB:"C:/GIT/opencv/build/x64/vc12/CMakeFiles/CMakeTmp/Debug/cmTC_596ab.pdb" /SUBSYSTEM:CONSOLE /TLBID:1 /DYNAMICBASE /NXCOMPAT /IMPLIB:"C:/GIT/opencv/build/x64/vc12/CMakeFiles/CMakeTmp/Debug/cmTC_596ab.lib" /MACHINE:X64  /machine:x64 /debug cmTC_596ab.dir\Debug\CheckFunctionExists.obj
CheckFunctionExists.obj : error LNK2019: unresolved external symbol jbg_newlen referenced in function main [C:\GIT\opencv\build\x64\vc12\CMakeFiles\CMakeTmp\cmTC_596ab.vcxproj]
C:\GIT\opencv\build\x64\vc12\CMakeFiles\CMakeTmp\Debug\cmTC_596ab.exe : fatal error LNK1120: 1 unresolved externals [C:\GIT\opencv\build\x64\vc12\CMakeFiles\CMakeTmp\cmTC_596ab.vcxproj]
Done Building Project "C:\GIT\opencv\build\x64\vc12\CMakeFiles\CMakeTmp\cmTC_596ab.vcxproj" (default targets) -- FAILED.

Build FAILED.

"C:\GIT\opencv\build\x64\vc12\CMakeFiles\CMakeTmp\cmTC_596ab.vcxproj" (default target) (1) ->
(Link target) -> 
  CheckFunctionExists.obj : error LNK2019: unresolved external symbol jbg_newlen referenced in function main [C:\GIT\opencv\build\x64\vc12\CMakeFiles\CMakeTmp\cmTC_596ab.vcxproj]
  C:\GIT\opencv\build\x64\vc12\CMakeFiles\CMakeTmp\Debug\cmTC_596ab.exe : fatal error LNK1120: 1 unresolved externals [C:\GIT\opencv\build\x64\vc12\CMakeFiles\CMakeTmp\cmTC_596ab.vcxproj]

    0 Warning(s)
    2 Error(s)

Time Elapsed 00:00:00.44


Determining if the function mmap exists failed with the following output:
Change Dir: C:/GIT/opencv/build/x64/vc12/CMakeFiles/CMakeTmp

Run Build Command:"C:/Program Files (x86)/MSBuild/12.0/bin/MSBuild.exe" "cmTC_23612.vcxproj" "/p:Configuration=Debug" "/p:VisualStudioVersion=12.0"
Microsoft (R) Build Engine version 12.0.31101.0
[Microsoft .NET Framework, version 4.0.30319.18444]
Copyright (C) Microsoft Corporation. All rights reserved.

Build started 18-Nov-15 12:52:05.
Project "C:\GIT\opencv\build\x64\vc12\CMakeFiles\CMakeTmp\cmTC_23612.vcxproj" on node 1 (default targets).
PrepareForBuild:
  Creating directory "cmTC_23612.dir\Debug\".
  Creating directory "C:\GIT\opencv\build\x64\vc12\CMakeFiles\CMakeTmp\Debug\".
  Creating directory "cmTC_23612.dir\Debug\cmTC_23612.tlog\".
InitializeBuildStatus:
  Creating "cmTC_23612.dir\Debug\cmTC_23612.tlog\unsuccessfulbuild" because "AlwaysCreate" was specified.
ClCompile:
  C:\Program Files (x86)\Microsoft Visual Studio 12.0\VC\bin\x86_amd64\CL.exe /c /Zi /W3 /WX- /MP8 /Od /Ob0 /Oi /D WIN32 /D _WINDOWS /D _CRT_SECURE_NO_DEPRECATE /D _CRT_NONSTDC_NO_DEPRECATE /D _SCL_SECURE_NO_WARNINGS /D CHECK_FUNCTION_EXISTS=mmap /D _DEBUG /D "CMAKE_INTDIR=\"Debug\"" /D _MBCS /Gm- /RTC1 /MDd /GS /Gy /fp:precise /Zc:wchar_t /Zc:forScope /Fo"cmTC_23612.dir\Debug\\" /Fd"cmTC_23612.dir\Debug\vc120.pdb" /Gd /TC /errorReport:queue  /bigobj "C:\Program Files (x86)\CMake\share\cmake-3.3\Modules\CheckFunctionExists.c"
  Microsoft (R) C/C++ Optimizing Compiler Version 18.00.31101 for x64
  Copyright (C) Microsoft Corporation.  All rights reserved.
  
  cl /c /Zi /W3 /WX- /MP8 /Od /Ob0 /Oi /D WIN32 /D _WINDOWS /D _CRT_SECURE_NO_DEPRECATE /D _CRT_NONSTDC_NO_DEPRECATE /D _SCL_SECURE_NO_WARNINGS /D CHECK_FUNCTION_EXISTS=mmap /D _DEBUG /D "CMAKE_INTDIR=\"Debug\"" /D _MBCS /Gm- /RTC1 /MDd /GS /Gy /fp:precise /Zc:wchar_t /Zc:forScope /Fo"cmTC_23612.dir\Debug\\" /Fd"cmTC_23612.dir\Debug\vc120.pdb" /Gd /TC /errorReport:queue  /bigobj "C:\Program Files (x86)\CMake\share\cmake-3.3\Modules\CheckFunctionExists.c"
  
  CheckFunctionExists.c
Link:
  C:\Program Files (x86)\Microsoft Visual Studio 12.0\VC\bin\x86_amd64\link.exe /ERRORREPORT:QUEUE /OUT:"C:\GIT\opencv\build\x64\vc12\CMakeFiles\CMakeTmp\Debug\cmTC_23612.exe" /INCREMENTAL /NOLOGO kernel32.lib user32.lib gdi32.lib winspool.lib shell32.lib ole32.lib oleaut32.lib uuid.lib comdlg32.lib advapi32.lib /MANIFEST /MANIFESTUAC:"level='asInvoker' uiAccess='false'" /manifest:embed /DEBUG /PDB:"C:/GIT/opencv/build/x64/vc12/CMakeFiles/CMakeTmp/Debug/cmTC_23612.pdb" /SUBSYSTEM:CONSOLE /TLBID:1 /DYNAMICBASE /NXCOMPAT /IMPLIB:"C:/GIT/opencv/build/x64/vc12/CMakeFiles/CMakeTmp/Debug/cmTC_23612.lib" /MACHINE:X64  /machine:x64 /debug cmTC_23612.dir\Debug\CheckFunctionExists.obj
CheckFunctionExists.obj : error LNK2019: unresolved external symbol mmap referenced in function main [C:\GIT\opencv\build\x64\vc12\CMakeFiles\CMakeTmp\cmTC_23612.vcxproj]
C:\GIT\opencv\build\x64\vc12\CMakeFiles\CMakeTmp\Debug\cmTC_23612.exe : fatal error LNK1120: 1 unresolved externals [C:\GIT\opencv\build\x64\vc12\CMakeFiles\CMakeTmp\cmTC_23612.vcxproj]
Done Building Project "C:\GIT\opencv\build\x64\vc12\CMakeFiles\CMakeTmp\cmTC_23612.vcxproj" (default targets) -- FAILED.

Build FAILED.

"C:\GIT\opencv\build\x64\vc12\CMakeFiles\CMakeTmp\cmTC_23612.vcxproj" (default target) (1) ->
(Link target) -> 
  CheckFunctionExists.obj : error LNK2019: unresolved external symbol mmap referenced in function main [C:\GIT\opencv\build\x64\vc12\CMakeFiles\CMakeTmp\cmTC_23612.vcxproj]
  C:\GIT\opencv\build\x64\vc12\CMakeFiles\CMakeTmp\Debug\cmTC_23612.exe : fatal error LNK1120: 1 unresolved externals [C:\GIT\opencv\build\x64\vc12\CMakeFiles\CMakeTmp\cmTC_23612.vcxproj]

    0 Warning(s)
    2 Error(s)

Time Elapsed 00:00:00.45


Determining if the include file unistd.h exists failed with the following output:
Change Dir: C:/GIT/opencv/build/x64/vc12/CMakeFiles/CMakeTmp

Run Build Command:"C:/Program Files (x86)/MSBuild/12.0/bin/MSBuild.exe" "cmTC_ddfdd.vcxproj" "/p:Configuration=Debug" "/p:VisualStudioVersion=12.0"
Microsoft (R) Build Engine version 12.0.31101.0
[Microsoft .NET Framework, version 4.0.30319.18444]
Copyright (C) Microsoft Corporation. All rights reserved.

Build started 18-Nov-15 12:52:07.
Project "C:\GIT\opencv\build\x64\vc12\CMakeFiles\CMakeTmp\cmTC_ddfdd.vcxproj" on node 1 (default targets).
PrepareForBuild:
  Creating directory "cmTC_ddfdd.dir\Debug\".
  Creating directory "C:\GIT\opencv\build\x64\vc12\CMakeFiles\CMakeTmp\Debug\".
  Creating directory "cmTC_ddfdd.dir\Debug\cmTC_ddfdd.tlog\".
InitializeBuildStatus:
  Creating "cmTC_ddfdd.dir\Debug\cmTC_ddfdd.tlog\unsuccessfulbuild" because "AlwaysCreate" was specified.
ClCompile:
  C:\Program Files (x86)\Microsoft Visual Studio 12.0\VC\bin\x86_amd64\CL.exe /c /Zi /W3 /WX- /MP8 /Od /Ob0 /Oi /D WIN32 /D _WINDOWS /D _CRT_SECURE_NO_DEPRECATE /D _CRT_NONSTDC_NO_DEPRECATE /D _SCL_SECURE_NO_WARNINGS /D _DEBUG /D "CMAKE_INTDIR=\"Debug\"" /D _MBCS /Gm- /RTC1 /MDd /GS /Gy /fp:precise /Zc:wchar_t /Zc:forScope /Fo"cmTC_ddfdd.dir\Debug\\" /Fd"cmTC_ddfdd.dir\Debug\vc120.pdb" /Gd /TC /errorReport:queue  /bigobj C:\GIT\opencv\build\x64\vc12\CMakeFiles\CMakeTmp\CheckIncludeFile.c
  Microsoft (R) C/C++ Optimizing Compiler Version 18.00.31101 for x64
  Copyright (C) Microsoft Corporation.  All rights reserved.
  
  cl /c /Zi /W3 /WX- /MP8 /Od /Ob0 /Oi /D WIN32 /D _WINDOWS /D _CRT_SECURE_NO_DEPRECATE /D _CRT_NONSTDC_NO_DEPRECATE /D _SCL_SECURE_NO_WARNINGS /D _DEBUG /D "CMAKE_INTDIR=\"Debug\"" /D _MBCS /Gm- /RTC1 /MDd /GS /Gy /fp:precise /Zc:wchar_t /Zc:forScope /Fo"cmTC_ddfdd.dir\Debug\\" /Fd"cmTC_ddfdd.dir\Debug\vc120.pdb" /Gd /TC /errorReport:queue  /bigobj C:\GIT\opencv\build\x64\vc12\CMakeFiles\CMakeTmp\CheckIncludeFile.c
  
  CheckIncludeFile.c
C:\GIT\opencv\build\x64\vc12\CMakeFiles\CMakeTmp\CheckIncludeFile.c(1): fatal error C1083: Cannot open include file: 'unistd.h': No such file or directory [C:\GIT\opencv\build\x64\vc12\CMakeFiles\CMakeTmp\cmTC_ddfdd.vcxproj]
Done Building Project "C:\GIT\opencv\build\x64\vc12\CMakeFiles\CMakeTmp\cmTC_ddfdd.vcxproj" (default targets) -- FAILED.

Build FAILED.

"C:\GIT\opencv\build\x64\vc12\CMakeFiles\CMakeTmp\cmTC_ddfdd.vcxproj" (default target) (1) ->
(ClCompile target) -> 
  C:\GIT\opencv\build\x64\vc12\CMakeFiles\CMakeTmp\CheckIncludeFile.c(1): fatal error C1083: Cannot open include file: 'unistd.h': No such file or directory [C:\GIT\opencv\build\x64\vc12\CMakeFiles\CMakeTmp\cmTC_ddfdd.vcxproj]

    0 Warning(s)
    1 Error(s)

Time Elapsed 00:00:00.30


